Flow report for CP
Wed Apr 23 13:32:57 2025
Quartus II Version 9.1 Build 350 03/24/2010 Service Pack 2 SJ Web Edition


---------------------
; Table of Contents ;
---------------------
  1. Legal Notice
  2. Flow Summary
  3. Flow Settings
  4. Flow Non-Default Global Settings
  5. Flow Elapsed Time
  6. Flow OS Summary
  7. Flow Log



----------------
; Legal Notice ;
----------------
Copyright (C) 1991-2010 Altera Corporation
Your use of Altera Corporation's design tools, logic functions 
and other software and tools, and its AMPP partner logic 
functions, and any output files from any of the foregoing 
(including device programming or simulation files), and any 
associated documentation or information are expressly subject 
to the terms and conditions of the Altera Program License 
Subscription Agreement, Altera MegaCore Function License 
Agreement, or other applicable license agreement, including, 
without limitation, that your use is for the sole purpose of 
programming logic devices manufactured by Altera and sold by 
Altera or its authorized distributors.  Please refer to the 
applicable agreement for further details.



+------------------------------------------------------------------------------+
; Flow Summary                                                                 ;
+-------------------------------+----------------------------------------------+
; Flow Status                   ; Successful - Wed Apr 23 13:32:57 2025        ;
; Quartus II Version            ; 9.1 Build 350 03/24/2010 SP 2 SJ Web Edition ;
; Revision Name                 ; CP                                           ;
; Top-level Entity Name         ; MICROPROCESSOR                               ;
; Family                        ; Stratix II                                   ;
; Met timing requirements       ; N/A                                          ;
; Logic utilization             ; N/A                                          ;
;     Combinational ALUTs       ; 413                                          ;
;     Dedicated logic registers ; 350                                          ;
; Total registers               ; 350                                          ;
; Total pins                    ; 326                                          ;
; Total virtual pins            ; 0                                            ;
; Total block memory bits       ; 7,680                                        ;
; DSP block 9-bit elements      ; 0                                            ;
; Total PLLs                    ; 0                                            ;
; Total DLLs                    ; 0                                            ;
+-------------------------------+----------------------------------------------+


+-----------------------------------------+
; Flow Settings                           ;
+-------------------+---------------------+
; Option            ; Setting             ;
+-------------------+---------------------+
; Start date & time ; 04/23/2025 13:32:53 ;
; Main task         ; Compilation         ;
; Revision Name     ; CP                  ;
+-------------------+---------------------+


+----------------------------------------------------------------------------------------------------------------------------+
; Flow Non-Default Global Settings                                                                                           ;
+------------------------------------+-------------------------------+---------------+----------------+----------------------+
; Assignment Name                    ; Value                         ; Default Value ; Entity Name    ; Section Id           ;
+------------------------------------+-------------------------------+---------------+----------------+----------------------+
; COMPILER_SIGNATURE_ID              ; 9413546635504.174540437310016 ; --            ; --             ; --                   ;
; EDA_DESIGN_ENTRY_SYNTHESIS_TOOL    ; FPGA Compiler II              ; <None>        ; ram.v          ; --                   ;
; EDA_INPUT_DATA_FORMAT              ; Edif                          ; --            ; ram.v          ; eda_design_synthesis ;
; EDA_INPUT_GND_NAME                 ; Gnd                           ; --            ; ram.v          ; eda_design_synthesis ;
; EDA_INPUT_VCC_NAME                 ; Vdd                           ; --            ; ram.v          ; eda_design_synthesis ;
; EDA_LMF_FILE                       ; fpga_exp.lmf                  ; --            ; ram.v          ; eda_design_synthesis ;
; EDA_RUN_TOOL_AUTOMATICALLY         ; Off                           ; --            ; ram.v          ; eda_design_synthesis ;
; EDA_SHOW_LMF_MAPPING_MESSAGES      ; Off                           ; --            ; ram.v          ; eda_design_synthesis ;
; IP_TOOL_NAME                       ; LPM_MUX                       ; --            ; --             ; --                   ;
; IP_TOOL_NAME                       ; LPM_BUSTRI                    ; --            ; --             ; --                   ;
; IP_TOOL_NAME                       ; LPM_DECODE                    ; --            ; --             ; --                   ;
; IP_TOOL_NAME                       ; LPM_FF                        ; --            ; --             ; --                   ;
; IP_TOOL_NAME                       ; LPM_BUSTRI                    ; --            ; --             ; --                   ;
; IP_TOOL_NAME                       ; LPM_COUNTER                   ; --            ; --             ; --                   ;
; IP_TOOL_NAME                       ; LPM_DECODE                    ; --            ; --             ; --                   ;
; IP_TOOL_NAME                       ; ROM: 1-PORT                   ; --            ; --             ; --                   ;
; IP_TOOL_NAME                       ; RAM: 1-PORT                   ; --            ; --             ; --                   ;
; IP_TOOL_NAME                       ; LPM_COUNTER                   ; --            ; --             ; --                   ;
; IP_TOOL_NAME                       ; LPM_COUNTER                   ; --            ; --             ; --                   ;
; IP_TOOL_NAME                       ; LPM_DECODE                    ; --            ; --             ; --                   ;
; IP_TOOL_NAME                       ; LPM_BUSTRI                    ; --            ; --             ; --                   ;
; IP_TOOL_NAME                       ; LPM_BUSTRI                    ; --            ; --             ; --                   ;
; IP_TOOL_NAME                       ; LPM_COUNTER                   ; --            ; --             ; --                   ;
; IP_TOOL_NAME                       ; LPM_DECODE                    ; --            ; --             ; --                   ;
; IP_TOOL_NAME                       ; LPM_DECODE                    ; --            ; --             ; --                   ;
; IP_TOOL_NAME                       ; LPM_COUNTER                   ; --            ; --             ; --                   ;
; IP_TOOL_NAME                       ; LPM_BUSTRI                    ; --            ; --             ; --                   ;
; IP_TOOL_NAME                       ; LPM_MUX                       ; --            ; --             ; --                   ;
; IP_TOOL_NAME                       ; LPM_COUNTER                   ; --            ; --             ; --                   ;
; IP_TOOL_NAME                       ; LPM_MUX                       ; --            ; --             ; --                   ;
; IP_TOOL_NAME                       ; LPM_CONSTANT                  ; --            ; --             ; --                   ;
; IP_TOOL_NAME                       ; LPM_FF                        ; --            ; --             ; --                   ;
; IP_TOOL_NAME                       ; LPM_DECODE                    ; --            ; --             ; --                   ;
; IP_TOOL_NAME                       ; LPM_ADD_SUB                   ; --            ; --             ; --                   ;
; IP_TOOL_NAME                       ; LPM_CLSHIFT                   ; --            ; --             ; --                   ;
; IP_TOOL_NAME                       ; LPM_COMPARE                   ; --            ; --             ; --                   ;
; IP_TOOL_VERSION                    ; 9.1                           ; --            ; --             ; --                   ;
; IP_TOOL_VERSION                    ; 9.1                           ; --            ; --             ; --                   ;
; IP_TOOL_VERSION                    ; 9.1                           ; --            ; --             ; --                   ;
; IP_TOOL_VERSION                    ; 9.1                           ; --            ; --             ; --                   ;
; IP_TOOL_VERSION                    ; 9.1                           ; --            ; --             ; --                   ;
; IP_TOOL_VERSION                    ; 9.1                           ; --            ; --             ; --                   ;
; IP_TOOL_VERSION                    ; 9.1                           ; --            ; --             ; --                   ;
; IP_TOOL_VERSION                    ; 9.1                           ; --            ; --             ; --                   ;
; IP_TOOL_VERSION                    ; 9.1                           ; --            ; --             ; --                   ;
; IP_TOOL_VERSION                    ; 9.1                           ; --            ; --             ; --                   ;
; IP_TOOL_VERSION                    ; 9.1                           ; --            ; --             ; --                   ;
; IP_TOOL_VERSION                    ; 9.1                           ; --            ; --             ; --                   ;
; IP_TOOL_VERSION                    ; 9.1                           ; --            ; --             ; --                   ;
; IP_TOOL_VERSION                    ; 9.1                           ; --            ; --             ; --                   ;
; IP_TOOL_VERSION                    ; 9.1                           ; --            ; --             ; --                   ;
; IP_TOOL_VERSION                    ; 9.1                           ; --            ; --             ; --                   ;
; IP_TOOL_VERSION                    ; 9.1                           ; --            ; --             ; --                   ;
; IP_TOOL_VERSION                    ; 9.1                           ; --            ; --             ; --                   ;
; IP_TOOL_VERSION                    ; 9.1                           ; --            ; --             ; --                   ;
; IP_TOOL_VERSION                    ; 9.1                           ; --            ; --             ; --                   ;
; IP_TOOL_VERSION                    ; 9.1                           ; --            ; --             ; --                   ;
; IP_TOOL_VERSION                    ; 9.1                           ; --            ; --             ; --                   ;
; IP_TOOL_VERSION                    ; 9.1                           ; --            ; --             ; --                   ;
; IP_TOOL_VERSION                    ; 9.1                           ; --            ; --             ; --                   ;
; IP_TOOL_VERSION                    ; 9.1                           ; --            ; --             ; --                   ;
; IP_TOOL_VERSION                    ; 9.1                           ; --            ; --             ; --                   ;
; IP_TOOL_VERSION                    ; 9.1                           ; --            ; --             ; --                   ;
; IP_TOOL_VERSION                    ; 9.1                           ; --            ; --             ; --                   ;
; MISC_FILE                          ; Modules/lpm_mux2_15.bsf       ; --            ; --             ; --                   ;
; MISC_FILE                          ; Modules/lpm_mux2_15_bb.v      ; --            ; --             ; --                   ;
; MISC_FILE                          ; Modules/lpm_bustri2_15.bsf    ; --            ; --             ; --                   ;
; MISC_FILE                          ; Modules/lpm_bustri2_15_bb.v   ; --            ; --             ; --                   ;
; MISC_FILE                          ; Modules/lpm_decode12.bsf      ; --            ; --             ; --                   ;
; MISC_FILE                          ; Modules/lpm_decode12_bb.v     ; --            ; --             ; --                   ;
; MISC_FILE                          ; Modules/lpm_dff15.bsf         ; --            ; --             ; --                   ;
; MISC_FILE                          ; Modules/lpm_dff15_bb.v        ; --            ; --             ; --                   ;
; MISC_FILE                          ; Modules/lpm_bustri1.bsf       ; --            ; --             ; --                   ;
; MISC_FILE                          ; Modules/lpm_bustri1_bb.v      ; --            ; --             ; --                   ;
; MISC_FILE                          ; Modules/lpm_counter16.bsf     ; --            ; --             ; --                   ;
; MISC_FILE                          ; Modules/lpm_counter16_bb.v    ; --            ; --             ; --                   ;
; MISC_FILE                          ; Modules/lpm_decode16.bsf      ; --            ; --             ; --                   ;
; MISC_FILE                          ; Modules/lpm_decode16_bb.v     ; --            ; --             ; --                   ;
; MISC_FILE                          ; rom.bsf                       ; --            ; --             ; --                   ;
; MISC_FILE                          ; rom_bb.v                      ; --            ; --             ; --                   ;
; MISC_FILE                          ; ram.bsf                       ; --            ; --             ; --                   ;
; MISC_FILE                          ; ram_bb.v                      ; --            ; --             ; --                   ;
; MISC_FILE                          ; lpm_counter256.bsf            ; --            ; --             ; --                   ;
; MISC_FILE                          ; lpm_counter256_bb.v           ; --            ; --             ; --                   ;
; MISC_FILE                          ; lpm_counter0.bsf              ; --            ; --             ; --                   ;
; MISC_FILE                          ; Modules/lpm_decode32_16.bsf   ; --            ; --             ; --                   ;
; MISC_FILE                          ; Modules/lpm_bustri1_9.bsf     ; --            ; --             ; --                   ;
; MISC_FILE                          ; Modules/lpm_bustri1_4.bsf     ; --            ; --             ; --                   ;
; MISC_FILE                          ; Modules/lpm_counter3.bsf      ; --            ; --             ; --                   ;
; MISC_FILE                          ; Modules/lpm_decode4_2.bsf     ; --            ; --             ; --                   ;
; MISC_FILE                          ; lpm_decode8_3.bsf             ; --            ; --             ; --                   ;
; MISC_FILE                          ; lpm_counter8.bsf              ; --            ; --             ; --                   ;
; MISC_FILE                          ; lpm_bustri1_11.bsf            ; --            ; --             ; --                   ;
; MISC_FILE                          ; lpm_mux2_4.bsf                ; --            ; --             ; --                   ;
; MISC_FILE                          ; lpm_counter4_mod3.bsf         ; --            ; --             ; --                   ;
; MISC_FILE                          ; lpm_mux2_9.bsf                ; --            ; --             ; --                   ;
; MISC_FILE                          ; lpm_constant0_5.bsf           ; --            ; --             ; --                   ;
; MISC_FILE                          ; lpm_dff9.bsf                  ; --            ; --             ; --                   ;
; MISC_FILE                          ; lpm_decode0.bsf               ; --            ; --             ; --                   ;
; MISC_FILE                          ; lpm_add_sub0.bsf              ; --            ; --             ; --                   ;
; MISC_FILE                          ; lpm_clshift0.bsf              ; --            ; --             ; --                   ;
; MISC_FILE                          ; lpm_compare0.bsf              ; --            ; --             ; --                   ;
; PARTITION_COLOR                    ; 16764057                      ; --            ; MICROPROCESSOR ; Top                  ;
; PARTITION_NETLIST_TYPE             ; SOURCE                        ; --            ; MICROPROCESSOR ; Top                  ;
; TOP_LEVEL_ENTITY                   ; MICROPROCESSOR                ; CP            ; --             ; --                   ;
; USE_GENERATED_PHYSICAL_CONSTRAINTS ; Off                           ; --            ; --             ; eda_blast_fpga       ;
+------------------------------------+-------------------------------+---------------+----------------+----------------------+


+--------------------------------------------------------------------------------------------------------------------------+
; Flow Elapsed Time                                                                                                        ;
+----------------------+--------------+-------------------------+---------------------+------------------------------------+
; Module Name          ; Elapsed Time ; Average Processors Used ; Peak Virtual Memory ; Total CPU Time (on all processors) ;
+----------------------+--------------+-------------------------+---------------------+------------------------------------+
; Analysis & Synthesis ; 00:00:04     ; 1.0                     ; 249 MB              ; 00:00:06                           ;
; Total                ; 00:00:04     ; --                      ; --                  ; 00:00:06                           ;
+----------------------+--------------+-------------------------+---------------------+------------------------------------+


+---------------------------------------------------------------------------------------+
; Flow OS Summary                                                                       ;
+----------------------+------------------+---------------+------------+----------------+
; Module Name          ; Machine Hostname ; OS Name       ; OS Version ; Processor type ;
+----------------------+------------------+---------------+------------+----------------+
; Analysis & Synthesis ; DESKTOP-KJ222IU  ; Windows Vista ; 6.2        ; x86_64         ;
+----------------------+------------------+---------------+------------+----------------+


------------
; Flow Log ;
------------
quartus_map --read_settings_files=on --write_settings_files=off CP -c CP



