Analysis & Synthesis report for CP
Thu Apr 24 22:11:55 2025
Quartus II Version 9.1 Build 350 03/24/2010 Service Pack 2 SJ Web Edition


---------------------
; Table of Contents ;
---------------------
  1. Legal Notice
  2. Analysis & Synthesis Summary
  3. Analysis & Synthesis Settings
  4. Parallel Compilation
  5. Analysis & Synthesis Source Files Read
  6. Analysis & Synthesis Resource Usage Summary
  7. Analysis & Synthesis Resource Utilization by Entity
  8. General Register Statistics
  9. Source assignments for lpm_counter256:inst25|lpm_counter:lpm_counter_component
 10. Parameter Settings for User Entity Instance: lpm_bustri1_11:inst3|lpm_bustri:lpm_bustri_component
 11. Parameter Settings for User Entity Instance: lpm_counter256:inst25|lpm_counter:lpm_counter_component
 12. Analysis & Synthesis Messages



----------------
; Legal Notice ;
----------------
Copyright (C) 1991-2010 Altera Corporation
Your use of Altera Corporation's design tools, logic functions 
and other software and tools, and its AMPP partner logic 
functions, and any output files from any of the foregoing 
(including device programming or simulation files), and any 
associated documentation or information are expressly subject 
to the terms and conditions of the Altera Program License 
Subscription Agreement, Altera MegaCore Function License 
Agreement, or other applicable license agreement, including, 
without limitation, that your use is for the sole purpose of 
programming logic devices manufactured by Altera and sold by 
Altera or its authorized distributors.  Please refer to the 
applicable agreement for further details.



+------------------------------------------------------------------------------+
; Analysis & Synthesis Summary                                                 ;
+-------------------------------+----------------------------------------------+
; Analysis & Synthesis Status   ; Successful - Thu Apr 24 22:11:55 2025        ;
; Quartus II Version            ; 9.1 Build 350 03/24/2010 SP 2 SJ Web Edition ;
; Revision Name                 ; CP                                           ;
; Top-level Entity Name         ; CU                                           ;
; Family                        ; Stratix II                                   ;
; Logic utilization             ; N/A                                          ;
;     Combinational ALUTs       ; 26                                           ;
;     Dedicated logic registers ; 13                                           ;
; Total registers               ; 13                                           ;
; Total pins                    ; 37                                           ;
; Total virtual pins            ; 0                                            ;
; Total block memory bits       ; 0                                            ;
; DSP block 9-bit elements      ; 0                                            ;
; Total PLLs                    ; 0                                            ;
; Total DLLs                    ; 0                                            ;
+-------------------------------+----------------------------------------------+


+----------------------------------------------------------------------------------------------------------------------+
; Analysis & Synthesis Settings                                                                                        ;
+----------------------------------------------------------------------------+--------------------+--------------------+
; Option                                                                     ; Setting            ; Default Value      ;
+----------------------------------------------------------------------------+--------------------+--------------------+
; Top-level entity name                                                      ; CU                 ; CP                 ;
; Family name                                                                ; Stratix II         ; Stratix II         ;
; Use Generated Physical Constraints File                                    ; Off                ;                    ;
; Use smart compilation                                                      ; Off                ; Off                ;
; Enable parallel Assembler and TimeQuest Timing Analyzer during compilation ; On                 ; On                 ;
; Enable compact report table                                                ; Off                ; Off                ;
; Restructure Multiplexers                                                   ; Auto               ; Auto               ;
; Create Debugging Nodes for IP Cores                                        ; Off                ; Off                ;
; Preserve fewer node names                                                  ; On                 ; On                 ;
; Disable OpenCore Plus hardware evaluation                                  ; Off                ; Off                ;
; Verilog Version                                                            ; Verilog_2001       ; Verilog_2001       ;
; VHDL Version                                                               ; VHDL_1993          ; VHDL_1993          ;
; State Machine Processing                                                   ; Auto               ; Auto               ;
; Safe State Machine                                                         ; Off                ; Off                ;
; Extract Verilog State Machines                                             ; On                 ; On                 ;
; Extract VHDL State Machines                                                ; On                 ; On                 ;
; Ignore Verilog initial constructs                                          ; Off                ; Off                ;
; Iteration limit for constant Verilog loops                                 ; 5000               ; 5000               ;
; Iteration limit for non-constant Verilog loops                             ; 250                ; 250                ;
; Add Pass-Through Logic to Inferred RAMs                                    ; On                 ; On                 ;
; Parallel Synthesis                                                         ; On                 ; On                 ;
; DSP Block Balancing                                                        ; Auto               ; Auto               ;
; NOT Gate Push-Back                                                         ; On                 ; On                 ;
; Power-Up Don't Care                                                        ; On                 ; On                 ;
; Remove Redundant Logic Cells                                               ; Off                ; Off                ;
; Remove Duplicate Registers                                                 ; On                 ; On                 ;
; Ignore CARRY Buffers                                                       ; Off                ; Off                ;
; Ignore CASCADE Buffers                                                     ; Off                ; Off                ;
; Ignore GLOBAL Buffers                                                      ; Off                ; Off                ;
; Ignore ROW GLOBAL Buffers                                                  ; Off                ; Off                ;
; Ignore LCELL Buffers                                                       ; Off                ; Off                ;
; Ignore SOFT Buffers                                                        ; On                 ; On                 ;
; Limit AHDL Integers to 32 Bits                                             ; Off                ; Off                ;
; Optimization Technique                                                     ; Balanced           ; Balanced           ;
; Carry Chain Length                                                         ; 70                 ; 70                 ;
; Auto Carry Chains                                                          ; On                 ; On                 ;
; Auto Open-Drain Pins                                                       ; On                 ; On                 ;
; Perform WYSIWYG Primitive Resynthesis                                      ; Off                ; Off                ;
; Auto ROM Replacement                                                       ; On                 ; On                 ;
; Auto RAM Replacement                                                       ; On                 ; On                 ;
; Auto DSP Block Replacement                                                 ; On                 ; On                 ;
; Auto Shift Register Replacement                                            ; Auto               ; Auto               ;
; Auto Clock Enable Replacement                                              ; On                 ; On                 ;
; Strict RAM Replacement                                                     ; Off                ; Off                ;
; Allow Synchronous Control Signals                                          ; On                 ; On                 ;
; Force Use of Synchronous Clear Signals                                     ; Off                ; Off                ;
; Auto RAM Block Balancing                                                   ; On                 ; On                 ;
; Auto RAM to Logic Cell Conversion                                          ; Off                ; Off                ;
; Auto Resource Sharing                                                      ; Off                ; Off                ;
; Allow Any RAM Size For Recognition                                         ; Off                ; Off                ;
; Allow Any ROM Size For Recognition                                         ; Off                ; Off                ;
; Allow Any Shift Register Size For Recognition                              ; Off                ; Off                ;
; Use LogicLock Constraints during Resource Balancing                        ; On                 ; On                 ;
; Ignore translate_off and synthesis_off directives                          ; Off                ; Off                ;
; Timing-Driven Synthesis                                                    ; Off                ; Off                ;
; Show Parameter Settings Tables in Synthesis Report                         ; On                 ; On                 ;
; Ignore Maximum Fan-Out Assignments                                         ; Off                ; Off                ;
; Synchronization Register Chain Length                                      ; 2                  ; 2                  ;
; PowerPlay Power Optimization                                               ; Normal compilation ; Normal compilation ;
; HDL message level                                                          ; Level2             ; Level2             ;
; Suppress Register Optimization Related Messages                            ; Off                ; Off                ;
; Number of Removed Registers Reported in Synthesis Report                   ; 5000               ; 5000               ;
; Number of Inverted Registers Reported in Synthesis Report                  ; 100                ; 100                ;
; Clock MUX Protection                                                       ; On                 ; On                 ;
; Auto Gated Clock Conversion                                                ; Off                ; Off                ;
; Block Design Naming                                                        ; Auto               ; Auto               ;
; SDC constraint protection                                                  ; Off                ; Off                ;
; Synthesis Effort                                                           ; Auto               ; Auto               ;
; Shift Register Replacement - Allow Asynchronous Clear Signal               ; On                 ; On                 ;
; Analysis & Synthesis Message Level                                         ; Medium             ; Medium             ;
; Disable Register Merging Across Hierarchies                                ; Auto               ; Auto               ;
; Resource Aware Inference For Block RAM                                     ; On                 ; On                 ;
+----------------------------------------------------------------------------+--------------------+--------------------+


Parallel compilation was disabled, but you have multiple processors available. Enable parallel compilation to reduce compilation time.
+-------------------------------------+
; Parallel Compilation                ;
+----------------------------+--------+
; Processors                 ; Number ;
+----------------------------+--------+
; Number detected on machine ; 6      ;
; Maximum allowed            ; 1      ;
+----------------------------+--------+


+------------------------------------------------------------------------------------------------------------------------------------------------------+
; Analysis & Synthesis Source Files Read                                                                                                               ;
+----------------------------------+-----------------+------------------------------------+------------------------------------------------------------+
; File Name with User-Entered Path ; Used in Netlist ; File Type                          ; File Name with Absolute Path                               ;
+----------------------------------+-----------------+------------------------------------+------------------------------------------------------------+
; CU.bdf                           ; yes             ; User Block Diagram/Schematic File  ; I:/UNIVERSUTY/SIFO/IVERYWANTDIE/CU.bdf                     ;
; lpm_counter256.v                 ; yes             ; User Wizard-Generated File         ; I:/UNIVERSUTY/SIFO/IVERYWANTDIE/lpm_counter256.v           ;
; lpm_bustri1_11.v                 ; yes             ; User Wizard-Generated File         ; I:/UNIVERSUTY/SIFO/IVERYWANTDIE/lpm_bustri1_11.v           ;
; lpm_bustri.tdf                   ; yes             ; Megafunction                       ; p:/quartus/quartus/libraries/megafunctions/lpm_bustri.tdf  ;
; lpm_counter.tdf                  ; yes             ; Megafunction                       ; p:/quartus/quartus/libraries/megafunctions/lpm_counter.tdf ;
; db/cntr_j4l.tdf                  ; yes             ; Auto-Generated Megafunction        ; I:/UNIVERSUTY/SIFO/IVERYWANTDIE/db/cntr_j4l.tdf            ;
; db/cmpr_fdc.tdf                  ; yes             ; Auto-Generated Megafunction        ; I:/UNIVERSUTY/SIFO/IVERYWANTDIE/db/cmpr_fdc.tdf            ;
+----------------------------------+-----------------+------------------------------------+------------------------------------------------------------+


+-------------------------------------------------------+
; Analysis & Synthesis Resource Usage Summary           ;
+-----------------------------------------------+-------+
; Resource                                      ; Usage ;
+-----------------------------------------------+-------+
; Estimated ALUTs Used                          ; 26    ;
; Dedicated logic registers                     ; 13    ;
;                                               ;       ;
; Estimated ALUTs Unavailable                   ; 0     ;
;                                               ;       ;
; Total combinational functions                 ; 26    ;
; Combinational ALUT usage by number of inputs  ;       ;
;     -- 7 input functions                      ; 0     ;
;     -- 6 input functions                      ; 0     ;
;     -- 5 input functions                      ; 11    ;
;     -- 4 input functions                      ; 0     ;
;     -- <=3 input functions                    ; 15    ;
;                                               ;       ;
; Combinational ALUTs by mode                   ;       ;
;     -- normal mode                            ; 16    ;
;     -- extended LUT mode                      ; 0     ;
;     -- arithmetic mode                        ; 10    ;
;     -- shared arithmetic mode                 ; 0     ;
;                                               ;       ;
; Estimated ALUT/register pairs used            ; 26    ;
;                                               ;       ;
; Total registers                               ; 13    ;
;     -- Dedicated logic registers              ; 13    ;
;     -- I/O registers                          ; 0     ;
;                                               ;       ;
; Estimated ALMs:  partially or completely used ; 13    ;
;                                               ;       ;
; I/O pins                                      ; 37    ;
; Maximum fan-out node                          ; clk   ;
; Maximum fan-out                               ; 13    ;
; Total fan-out                                 ; 147   ;
; Average fan-out                               ; 1.93  ;
+-----------------------------------------------+-------+


+---------------------------------------------------------------------------------------------------------------------------------------------------------------------------------------------------------------------------------------------------------------------------------------------+
; Analysis & Synthesis Resource Utilization by Entity                                                                                                                                                                                                                                         ;
+-------------------------------------------+-------------------+--------------+-------------------+--------------+---------+-----------+-----------+------+--------------+----------------------------------------------------------------------------------------------------+--------------+
; Compilation Hierarchy Node                ; LC Combinationals ; LC Registers ; Block Memory Bits ; DSP Elements ; DSP 9x9 ; DSP 18x18 ; DSP 36x36 ; Pins ; Virtual Pins ; Full Hierarchy Name                                                                                ; Library Name ;
+-------------------------------------------+-------------------+--------------+-------------------+--------------+---------+-----------+-----------+------+--------------+----------------------------------------------------------------------------------------------------+--------------+
; |CU                                       ; 26 (5)            ; 13 (4)       ; 0                 ; 0            ; 0       ; 0         ; 0         ; 37   ; 0            ; |CU                                                                                                ; work         ;
;    |lpm_counter256:inst25|                ; 21 (0)            ; 9 (0)        ; 0                 ; 0            ; 0       ; 0         ; 0         ; 0    ; 0            ; |CU|lpm_counter256:inst25                                                                          ; work         ;
;       |lpm_counter:lpm_counter_component| ; 21 (0)            ; 9 (0)        ; 0                 ; 0            ; 0       ; 0         ; 0         ; 0    ; 0            ; |CU|lpm_counter256:inst25|lpm_counter:lpm_counter_component                                        ; work         ;
;          |cntr_j4l:auto_generated|        ; 21 (19)           ; 9 (9)        ; 0                 ; 0            ; 0       ; 0         ; 0         ; 0    ; 0            ; |CU|lpm_counter256:inst25|lpm_counter:lpm_counter_component|cntr_j4l:auto_generated                ; work         ;
;             |cmpr_fdc:cmpr2|              ; 2 (2)             ; 0 (0)        ; 0                 ; 0            ; 0       ; 0         ; 0         ; 0    ; 0            ; |CU|lpm_counter256:inst25|lpm_counter:lpm_counter_component|cntr_j4l:auto_generated|cmpr_fdc:cmpr2 ; work         ;
+-------------------------------------------+-------------------+--------------+-------------------+--------------+---------+-----------+-----------+------+--------------+----------------------------------------------------------------------------------------------------+--------------+
Note: For table entries with two numbers listed, the numbers in parentheses indicate the number of resources of the given type used by the specific entity alone. The numbers listed outside of parentheses indicate the total resources of the given type used by the specific entity and all of its sub-entities in the hierarchy.


+------------------------------------------------------+
; General Register Statistics                          ;
+----------------------------------------------+-------+
; Statistic                                    ; Value ;
+----------------------------------------------+-------+
; Total registers                              ; 13    ;
; Number of registers using Synchronous Clear  ; 0     ;
; Number of registers using Synchronous Load   ; 0     ;
; Number of registers using Asynchronous Clear ; 0     ;
; Number of registers using Asynchronous Load  ; 0     ;
; Number of registers using Clock Enable       ; 9     ;
; Number of registers using Preset             ; 0     ;
+----------------------------------------------+-------+


+--------------------------------------------------------------------------------+
; Source assignments for lpm_counter256:inst25|lpm_counter:lpm_counter_component ;
+---------------------------+-------+------+-------------------------------------+
; Assignment                ; Value ; From ; To                                  ;
+---------------------------+-------+------+-------------------------------------+
; SUPPRESS_DA_RULE_INTERNAL ; a101  ; -    ; -                                   ;
; SUPPRESS_DA_RULE_INTERNAL ; s102  ; -    ; -                                   ;
; SUPPRESS_DA_RULE_INTERNAL ; s103  ; -    ; -                                   ;
+---------------------------+-------+------+-------------------------------------+


+---------------------------------------------------------------------------------------------------+
; Parameter Settings for User Entity Instance: lpm_bustri1_11:inst3|lpm_bustri:lpm_bustri_component ;
+----------------+-------+--------------------------------------------------------------------------+
; Parameter Name ; Value ; Type                                                                     ;
+----------------+-------+--------------------------------------------------------------------------+
; LPM_WIDTH      ; 11    ; Signed Integer                                                           ;
+----------------+-------+--------------------------------------------------------------------------+
Note: In order to hide this table in the UI and the text report file, please set the "Show Parameter Settings Tables in Synthesis Report" option in "Analysis and Synthesis Settings -> More Settings" to "Off".


+------------------------------------------------------------------------------------------------------+
; Parameter Settings for User Entity Instance: lpm_counter256:inst25|lpm_counter:lpm_counter_component ;
+------------------------+-------------+---------------------------------------------------------------+
; Parameter Name         ; Value       ; Type                                                          ;
+------------------------+-------------+---------------------------------------------------------------+
; AUTO_CARRY_CHAINS      ; ON          ; AUTO_CARRY                                                    ;
; IGNORE_CARRY_BUFFERS   ; OFF         ; IGNORE_CARRY                                                  ;
; AUTO_CASCADE_CHAINS    ; ON          ; AUTO_CASCADE                                                  ;
; IGNORE_CASCADE_BUFFERS ; OFF         ; IGNORE_CASCADE                                                ;
; LPM_WIDTH              ; 9           ; Signed Integer                                                ;
; LPM_DIRECTION          ; UP          ; Untyped                                                       ;
; LPM_MODULUS            ; 256         ; Signed Integer                                                ;
; LPM_AVALUE             ; UNUSED      ; Untyped                                                       ;
; LPM_SVALUE             ; UNUSED      ; Untyped                                                       ;
; LPM_PORT_UPDOWN        ; PORT_UNUSED ; Untyped                                                       ;
; DEVICE_FAMILY          ; Stratix II  ; Untyped                                                       ;
; CARRY_CHAIN            ; MANUAL      ; Untyped                                                       ;
; CARRY_CHAIN_LENGTH     ; 48          ; CARRY_CHAIN_LENGTH                                            ;
; NOT_GATE_PUSH_BACK     ; ON          ; NOT_GATE_PUSH_BACK                                            ;
; CARRY_CNT_EN           ; SMART       ; Untyped                                                       ;
; LABWIDE_SCLR           ; ON          ; Untyped                                                       ;
; USE_NEW_VERSION        ; TRUE        ; Untyped                                                       ;
; CBXI_PARAMETER         ; cntr_j4l    ; Untyped                                                       ;
+------------------------+-------------+---------------------------------------------------------------+
Note: In order to hide this table in the UI and the text report file, please set the "Show Parameter Settings Tables in Synthesis Report" option in "Analysis and Synthesis Settings -> More Settings" to "Off".


+-------------------------------+
; Analysis & Synthesis Messages ;
+-------------------------------+
Info: *******************************************************************
Info: Running Quartus II Analysis & Synthesis
    Info: Version 9.1 Build 350 03/24/2010 Service Pack 2 SJ Web Edition
    Info: Processing started: Thu Apr 24 22:11:54 2025
Info: Command: quartus_map --read_settings_files=on --write_settings_files=off CP -c CP
Info: Found 1 design units, including 1 entities, in source file cmd_parser_buffer.bdf
    Info: Found entity 1: CMD_PARSER_BUFFER
Info: Found 1 design units, including 1 entities, in source file memory.bdf
    Info: Found entity 1: MEMORY
Info: Found 1 design units, including 1 entities, in source file dca.bdf
    Info: Found entity 1: DCa
Info: Found 1 design units, including 1 entities, in source file cu.bdf
    Info: Found entity 1: CU
Info: Found 1 design units, including 1 entities, in source file command_reader.bdf
    Info: Found entity 1: COMMAND_READER
Info: Found 1 design units, including 1 entities, in source file cmd_buffer.bdf
    Info: Found entity 1: CMD_BUFFER
Info: Found 1 design units, including 1 entities, in source file command_parser.bdf
    Info: Found entity 1: COMMAND_PARSER
Info: Found 1 design units, including 1 entities, in source file operand_reader.bdf
    Info: Found entity 1: OPERAND_READER
Info: Found 1 design units, including 1 entities, in source file gpr.bdf
    Info: Found entity 1: GPR
Info: Found 1 design units, including 1 entities, in source file operand_buffer.bdf
    Info: Found entity 1: OPERAND_BUFFER
Info: Found 1 design units, including 1 entities, in source file executer.bdf
    Info: Found entity 1: EXECUTER
Info: Found 1 design units, including 1 entities, in source file alu.bdf
    Info: Found entity 1: ALU
Info: Found 1 design units, including 1 entities, in source file flags_block.bdf
    Info: Found entity 1: FLAGS_BLOCK
Info: Found 1 design units, including 1 entities, in source file stack.bdf
    Info: Found entity 1: STACK
Info: Found 1 design units, including 1 entities, in source file result_writer.bdf
    Info: Found entity 1: RESULT_WRITER
Info: Found 1 design units, including 1 entities, in source file microprocessor.bdf
    Info: Found entity 1: MICROPROCESSOR
Info: Found 1 design units, including 1 entities, in source file main.bdf
    Info: Found entity 1: MAIN
Info: Found 1 design units, including 1 entities, in source file modules/lpm_bustri1_1.v
    Info: Found entity 1: lpm_bustri1_1
Info: Found 1 design units, including 1 entities, in source file modules/lpm_counter13.v
    Info: Found entity 1: lpm_counter13
Info: Found 1 design units, including 1 entities, in source file modules/lpm_mux2_15.v
    Info: Found entity 1: lpm_mux2_15
Info: Found 1 design units, including 1 entities, in source file modules/lpm_bustri2_15.v
    Info: Found entity 1: lpm_bustri2_15
Info: Found 1 design units, including 1 entities, in source file modules/lpm_decode12.v
    Info: Found entity 1: lpm_decode12
Info: Found 1 design units, including 1 entities, in source file modules/lpm_dff15.v
    Info: Found entity 1: lpm_dff15
Info: Found 1 design units, including 1 entities, in source file modules/lpm_bustri1.v
    Info: Found entity 1: lpm_bustri1
Info: Found 1 design units, including 1 entities, in source file modules/lpm_counter16.v
    Info: Found entity 1: lpm_counter16
Info: Found 1 design units, including 1 entities, in source file modules/lpm_decode16.v
    Info: Found entity 1: lpm_decode16
Info: Found 1 design units, including 1 entities, in source file rom.v
    Info: Found entity 1: rom
Info: Found 1 design units, including 1 entities, in source file ram.v
    Info: Found entity 1: ram
Info: Found 1 design units, including 1 entities, in source file lpm_counter256.v
    Info: Found entity 1: lpm_counter256
Info: Found 1 design units, including 1 entities, in source file lpm_counter0.v
    Info: Found entity 1: lpm_counter0
Info: Found 1 design units, including 1 entities, in source file modules/lpm_decode32_16.v
    Info: Found entity 1: lpm_decode32_16
Info: Found 1 design units, including 1 entities, in source file modules/lpm_bustri1_9.v
    Info: Found entity 1: lpm_bustri1_9
Info: Found 1 design units, including 1 entities, in source file modules/lpm_bustri1_4.v
    Info: Found entity 1: lpm_bustri1_4
Info: Found 1 design units, including 1 entities, in source file modules/lpm_counter3.v
    Info: Found entity 1: lpm_counter3
Info: Found 1 design units, including 1 entities, in source file modules/lpm_decode4_2.v
    Info: Found entity 1: lpm_decode4_2
Info: Found 1 design units, including 1 entities, in source file lpm_decode8_3.v
    Info: Found entity 1: lpm_decode8_3
Info: Found 1 design units, including 1 entities, in source file lpm_counter8.v
    Info: Found entity 1: lpm_counter8
Info: Found 1 design units, including 1 entities, in source file lpm_bustri1_11.v
    Info: Found entity 1: lpm_bustri1_11
Info: Found 1 design units, including 1 entities, in source file lpm_mux2_4.v
    Info: Found entity 1: lpm_mux2_4
Info: Found 1 design units, including 1 entities, in source file lpm_counter4_mod3.v
    Info: Found entity 1: lpm_counter4_mod3
Info: Found 1 design units, including 1 entities, in source file lpm_mux2_9.v
    Info: Found entity 1: lpm_mux2_9
Info: Found 1 design units, including 1 entities, in source file lpm_constant0_5.v
    Info: Found entity 1: lpm_constant0_5
Info: Found 1 design units, including 1 entities, in source file lpm_dff9.v
    Info: Found entity 1: lpm_dff9
Info: Found 1 design units, including 1 entities, in source file lpm_decode0.v
    Info: Found entity 1: lpm_decode0
Info: Found 1 design units, including 1 entities, in source file lpm_add_sub0.v
    Info: Found entity 1: lpm_add_sub0
Info: Found 1 design units, including 1 entities, in source file lpm_clshift0.v
    Info: Found entity 1: lpm_clshift0
Info: Found 1 design units, including 1 entities, in source file lpm_compare0.v
    Info: Found entity 1: lpm_compare0
Info: Found 1 design units, including 1 entities, in source file lpm_counter133.v
    Info: Found entity 1: lpm_counter133
Info: Found 1 design units, including 1 entities, in source file lpm_mux2_1.v
    Info: Found entity 1: lpm_mux2_1
Info: Found 1 design units, including 1 entities, in source file lpm_dff15_stack.v
    Info: Found entity 1: lpm_dff15_stack
Info: Found 1 design units, including 1 entities, in source file lpm_dff13_stack.v
    Info: Found entity 1: lpm_dff13_stack
Info: Found 1 design units, including 1 entities, in source file lpm_add_sub1plus.v
    Info: Found entity 1: lpm_add_sub1plus
Info: Found 1 design units, including 1 entities, in source file lpm_add_sub1minus.v
    Info: Found entity 1: lpm_add_sub1minus
Info: Elaborating entity "CU" for the top level hierarchy
Warning: Block or symbol "OR2" of instance "inst11" overlaps another block or symbol
Warning: Block or symbol "WIRE" of instance "inst17" overlaps another block or symbol
Warning: Block or symbol "WIRE" of instance "inst19" overlaps another block or symbol
Info: Elaborating entity "lpm_bustri1_11" for hierarchy "lpm_bustri1_11:inst3"
Info: Elaborating entity "lpm_bustri" for hierarchy "lpm_bustri1_11:inst3|lpm_bustri:lpm_bustri_component"
Info: Elaborated megafunction instantiation "lpm_bustri1_11:inst3|lpm_bustri:lpm_bustri_component"
Info: Instantiated megafunction "lpm_bustri1_11:inst3|lpm_bustri:lpm_bustri_component" with the following parameter:
    Info: Parameter "lpm_type" = "LPM_BUSTRI"
    Info: Parameter "lpm_width" = "11"
Info: Elaborating entity "lpm_counter256" for hierarchy "lpm_counter256:inst25"
Info: Elaborating entity "lpm_counter" for hierarchy "lpm_counter256:inst25|lpm_counter:lpm_counter_component"
Info: Elaborated megafunction instantiation "lpm_counter256:inst25|lpm_counter:lpm_counter_component"
Info: Instantiated megafunction "lpm_counter256:inst25|lpm_counter:lpm_counter_component" with the following parameter:
    Info: Parameter "lpm_direction" = "UP"
    Info: Parameter "lpm_modulus" = "256"
    Info: Parameter "lpm_port_updown" = "PORT_UNUSED"
    Info: Parameter "lpm_type" = "LPM_COUNTER"
    Info: Parameter "lpm_width" = "9"
Info: Found 1 design units, including 1 entities, in source file db/cntr_j4l.tdf
    Info: Found entity 1: cntr_j4l
Info: Elaborating entity "cntr_j4l" for hierarchy "lpm_counter256:inst25|lpm_counter:lpm_counter_component|cntr_j4l:auto_generated"
Info: Found 1 design units, including 1 entities, in source file db/cmpr_fdc.tdf
    Info: Found entity 1: cmpr_fdc
Info: Elaborating entity "cmpr_fdc" for hierarchy "lpm_counter256:inst25|lpm_counter:lpm_counter_component|cntr_j4l:auto_generated|cmpr_fdc:cmpr2"
Warning: Ignored assignments for entity "ram.v" -- entity does not exist in design
    Warning: Assignment for entity set_global_assignment -name EDA_DESIGN_ENTRY_SYNTHESIS_TOOL "FPGA Compiler II" -entity ram.v was ignored
    Warning: Assignment for entity set_global_assignment -name EDA_INPUT_GND_NAME GND -entity ram.v -section_id eda_design_synthesis was ignored
    Warning: Assignment for entity set_global_assignment -name EDA_INPUT_VCC_NAME VDD -entity ram.v -section_id eda_design_synthesis was ignored
    Warning: Assignment for entity set_global_assignment -name EDA_INPUT_DATA_FORMAT EDIF -entity ram.v -section_id eda_design_synthesis was ignored
    Warning: Assignment for entity set_global_assignment -name EDA_LMF_FILE fpga_exp.lmf -entity ram.v -section_id eda_design_synthesis was ignored
    Warning: Assignment for entity set_global_assignment -name EDA_SHOW_LMF_MAPPING_MESSAGES OFF -entity ram.v -section_id eda_design_synthesis was ignored
    Warning: Assignment for entity set_global_assignment -name EDA_RUN_TOOL_AUTOMATICALLY OFF -entity ram.v -section_id eda_design_synthesis was ignored
Info: Implemented 63 device resources after synthesis - the final resource count might be different
    Info: Implemented 10 input pins
    Info: Implemented 27 output pins
    Info: Implemented 26 logic cells
Info: Quartus II Analysis & Synthesis was successful. 0 errors, 11 warnings
    Info: Peak virtual memory: 235 megabytes
    Info: Processing ended: Thu Apr 24 22:11:55 2025
    Info: Elapsed time: 00:00:01
    Info: Total CPU time (on all processors): 00:00:02


